# JRE version: Java(TM) SE Runtime Environment (8.0_77-b03) (build 1.8.0_77-b03)
# Java VM: Java HotSpot(TM) 64-Bit Server VM (25.77-b03 mixed mode bsd-amd64 compressed oops)
Heap:
 PSYoungGen      total 139776K, used 17578K [0x0000000795580000, 0x00000007a0900000, 0x00000007c0000000)
  eden space 131584K, 7% used [0x0000000795580000,0x0000000795eaba48,0x000000079d600000)
  from space 8192K, 99% used [0x000000079d600000,0x000000079ddff0c8,0x000000079de00000)
  to   space 11264K, 0% used [0x000000079fe00000,0x000000079fe00000,0x00000007a0900000)
 ParOldGen       total 53760K, used 8965K [0x0000000740000000, 0x0000000743480000, 0x0000000795580000)
  object space 53760K, 16% used [0x0000000740000000,0x00000007408c1668,0x0000000743480000)
 Metaspace       used 32504K, capacity 34334K, committed 34432K, reserved 1079296K
  class space    used 4320K, capacity 4672K, committed 4736K, reserved 1048576K
GC Heap History (10 events):
Event: 1.548 GC heap before
{Heap before GC invocations=4 (full 0):
 PSYoungGen      total 38400K, used 38390K [0x0000000795580000, 0x000000079a080000, 0x00000007c0000000)
  eden space 33280K, 100% used [0x0000000795580000,0x0000000797600000,0x0000000797600000)
  from space 5120K, 99% used [0x0000000797600000,0x0000000797afd940,0x0000000797b00000)
  to   space 5120K, 0% used [0x0000000799b80000,0x0000000799b80000,0x000000079a080000)
 ParOldGen       total 87552K, used 1390K [0x0000000740000000, 0x0000000745580000, 0x0000000795580000)
  object space 87552K, 1% used [0x0000000740000000,0x000000074015baf0,0x0000000745580000)
 Metaspace       used 20046K, capacity 20740K, committed 20992K, reserved 1067008K
  class space    used 2635K, capacity 2804K, committed 2816K, reserved 1048576K
Event: 1.557 GC heap after
Heap after GC invocations=4 (full 0):
 PSYoungGen      total 71680K, used 5090K [0x0000000795580000, 0x000000079a080000, 0x00000007c0000000)
  eden space 66560K, 0% used [0x0000000795580000,0x0000000795580000,0x0000000799680000)
  from space 5120K, 99% used [0x0000000799b80000,0x000000079a0788b8,0x000000079a080000)
  to   space 5120K, 0% used [0x0000000799680000,0x0000000799680000,0x0000000799b80000)
 ParOldGen       total 87552K, used 3948K [0x0000000740000000, 0x0000000745580000, 0x0000000795580000)
  object space 87552K, 4% used [0x0000000740000000,0x00000007403db1f0,0x0000000745580000)
 Metaspace       used 20046K, capacity 20740K, committed 20992K, reserved 1067008K
  class space    used 2635K, capacity 2804K, committed 2816K, reserved 1048576K
}
Event: 1.725 GC heap before
{Heap before GC invocations=5 (full 0):
 PSYoungGen      total 71680K, used 12486K [0x0000000795580000, 0x000000079a080000, 0x00000007c0000000)
  eden space 66560K, 11% used [0x0000000795580000,0x0000000795cb91b8,0x0000000799680000)
  from space 5120K, 99% used [0x0000000799b80000,0x000000079a0788b8,0x000000079a080000)
  to   space 5120K, 0% used [0x0000000799680000,0x0000000799680000,0x0000000799b80000)
 ParOldGen       total 87552K, used 3948K [0x0000000740000000, 0x0000000745580000, 0x0000000795580000)
  object space 87552K, 4% used [0x0000000740000000,0x00000007403db1f0,0x0000000745580000)
 Metaspace       used 20584K, capacity 21270K, committed 21296K, reserved 1067008K
  class space    used 2721K, capacity 2921K, committed 2944K, reserved 1048576K
Event: 1.737 GC heap after
Heap after GC invocations=5 (full 0):
 PSYoungGen      total 71680K, used 5094K [0x0000000795580000, 0x000000079e780000, 0x00000007c0000000)
  eden space 66560K, 0% used [0x0000000795580000,0x0000000795580000,0x0000000799680000)
  from space 5120K, 99% used [0x0000000799680000,0x0000000799b79b28,0x0000000799b80000)
  to   space 8192K, 0% used [0x000000079df80000,0x000000079df80000,0x000000079e780000)
 ParOldGen       total 87552K, used 4176K [0x0000000740000000, 0x0000000745580000, 0x0000000795580000)
  object space 87552K, 4% used [0x0000000740000000,0x0000000740414210,0x0000000745580000)
 Metaspace       used 20584K, capacity 21270K, committed 21296K, reserved 1067008K
  class space    used 2721K, capacity 2921K, committed 2944K, reserved 1048576K
}
Event: 1.737 GC heap before
{Heap before GC invocations=6 (full 1):
 PSYoungGen      total 71680K, used 5094K [0x0000000795580000, 0x000000079e780000, 0x00000007c0000000)
  eden space 66560K, 0% used [0x0000000795580000,0x0000000795580000,0x0000000799680000)
  from space 5120K, 99% used [0x0000000799680000,0x0000000799b79b28,0x0000000799b80000)
  to   space 8192K, 0% used [0x000000079df80000,0x000000079df80000,0x000000079e780000)
 ParOldGen       total 87552K, used 4176K [0x0000000740000000, 0x0000000745580000, 0x0000000795580000)
  object space 87552K, 4% used [0x0000000740000000,0x0000000740414210,0x0000000745580000)
 Metaspace       used 20584K, capacity 21270K, committed 21296K, reserved 1067008K
  class space    used 2721K, capacity 2921K, committed 2944K, reserved 1048576K
Event: 1.772 GC heap after
Heap after GC invocations=6 (full 1):
 PSYoungGen      total 71680K, used 0K [0x0000000795580000, 0x000000079e780000, 0x00000007c0000000)
  eden space 66560K, 0% used [0x0000000795580000,0x0000000795580000,0x0000000799680000)
  from space 5120K, 0% used [0x0000000799680000,0x0000000799680000,0x0000000799b80000)
  to   space 8192K, 0% used [0x000000079df80000,0x000000079df80000,0x000000079e780000)
 ParOldGen       total 53760K, used 5234K [0x0000000740000000, 0x0000000743480000, 0x0000000795580000)
  object space 53760K, 9% used [0x0000000740000000,0x000000074051cbe8,0x0000000743480000)
 Metaspace       used 20582K, capacity 21264K, committed 21296K, reserved 1067008K
  class space    used 2720K, capacity 2920K, committed 2944K, reserved 1048576K
}
Event: 2.681 GC heap before
{Heap before GC invocations=7 (full 1):
 PSYoungGen      total 71680K, used 66560K [0x0000000795580000, 0x000000079e780000, 0x00000007c0000000)
  eden space 66560K, 100% used [0x0000000795580000,0x0000000799680000,0x0000000799680000)
  from space 5120K, 0% used [0x0000000799680000,0x0000000799680000,0x0000000799b80000)
  to   space 8192K, 0% used [0x000000079df80000,0x000000079df80000,0x000000079e780000)
 ParOldGen       total 53760K, used 5234K [0x0000000740000000, 0x0000000743480000, 0x0000000795580000)
  object space 53760K, 9% used [0x0000000740000000,0x000000074051cbe8,0x0000000743480000)
 Metaspace       used 24587K, capacity 25626K, committed 25856K, reserved 1071104K
  class space    used 3280K, capacity 3499K, committed 3584K, reserved 1048576K
Event: 2.692 GC heap after
Heap after GC invocations=7 (full 1):
 PSYoungGen      total 112640K, used 6511K [0x0000000795580000, 0x000000079e600000, 0x00000007c0000000)
  eden space 105984K, 0% used [0x0000000795580000,0x0000000795580000,0x000000079bd00000)
  from space 6656K, 97% used [0x000000079df80000,0x000000079e5dbc88,0x000000079e600000)
  to   space 8192K, 0% used [0x000000079d600000,0x000000079d600000,0x000000079de00000)
 ParOldGen       total 53760K, used 5242K [0x0000000740000000, 0x0000000743480000, 0x0000000795580000)
  object space 53760K, 9% used [0x0000000740000000,0x000000074051ebe8,0x0000000743480000)
 Metaspace       used 24587K, capacity 25626K, committed 25856K, reserved 1071104K
  class space    used 3280K, capacity 3499K, committed 3584K, reserved 1048576K
}
Event: 42.082 GC heap before
{Heap before GC invocations=8 (full 1):
 PSYoungGen      total 112640K, used 112495K [0x0000000795580000, 0x000000079e600000, 0x00000007c0000000)
  eden space 105984K, 100% used [0x0000000795580000,0x000000079bd00000,0x000000079bd00000)
  from space 6656K, 97% used [0x000000079df80000,0x000000079e5dbc88,0x000000079e600000)
  to   space 8192K, 0% used [0x000000079d600000,0x000000079d600000,0x000000079de00000)
 ParOldGen       total 53760K, used 5242K [0x0000000740000000, 0x0000000743480000, 0x0000000795580000)
  object space 53760K, 9% used [0x0000000740000000,0x000000074051ebe8,0x0000000743480000)
 Metaspace       used 32085K, capacity 33962K, committed 34176K, reserved 1079296K
  class space    used 4270K, capacity 4636K, committed 4736K, reserved 1048576K
Event: 42.098 GC heap after
Heap after GC invocations=8 (full 1):
 PSYoungGen      total 139776K, used 8188K [0x0000000795580000, 0x00000007a0900000, 0x00000007c0000000)
  eden space 131584K, 0% used [0x0000000795580000,0x0000000795580000,0x000000079d600000)
  from space 8192K, 99% used [0x000000079d600000,0x000000079ddff0c8,0x000000079de00000)
  to   space 11264K, 0% used [0x000000079fe00000,0x000000079fe00000,0x00000007a0900000)
 ParOldGen       total 53760K, used 8965K [0x0000000740000000, 0x0000000743480000, 0x0000000795580000)
  object space 53760K, 16% used [0x0000000740000000,0x00000007408c1668,0x0000000743480000)
 Metaspace       used 32085K, capacity 33962K, committed 34176K, reserved 1079296K
  class space    used 4270K, capacity 4636K, committed 4736K, reserved 1048576K
}

